Sat, 28 Mar 2026 13:27:06 main.py[line:79] INFO Namespace(mode='train', data_dir='../data_for_ai/full_ver', workspace='./workspaces/full_ver_2class', pretrained_path='./ResNet22_mAP=0.430.pth', freeze_cnn=True, batch_size=8, learning_rate=0.0001, num_epochs=50, resume_path=None, loss_type='clip_ce', oversample=True, cuda=True)
Sat, 28 Mar 2026 13:27:06 main.py[line:82] INFO Using GPU.
Sat, 28 Mar 2026 13:27:06 byteflow.py[line:81] DEBUG bytecode dump:
>          0	NOP(arg=None, lineno=1023)
           2	RESUME(arg=0, lineno=1023)
           4	LOAD_FAST(arg=0, lineno=1026)
           6	LOAD_CONST(arg=1, lineno=1026)
           8	BINARY_SUBSCR(arg=None, lineno=1026)
          12	LOAD_FAST(arg=0, lineno=1026)
          14	LOAD_CONST(arg=2, lineno=1026)
          16	BINARY_SUBSCR(arg=None, lineno=1026)
          20	COMPARE_OP(arg=68, lineno=1026)
          24	LOAD_FAST(arg=0, lineno=1026)
          26	LOAD_CONST(arg=1, lineno=1026)
          28	BINARY_SUBSCR(arg=None, lineno=1026)
          32	LOAD_FAST(arg=0, lineno=1026)
          34	LOAD_CONST(arg=3, lineno=1026)
          36	BINARY_SUBSCR(arg=None, lineno=1026)
          40	COMPARE_OP(arg=92, lineno=1026)
          44	BINARY_OP(arg=1, lineno=1026)
          48	RETURN_VALUE(arg=None, lineno=1026)
Sat, 28 Mar 2026 13:27:06 byteflow.py[line:108] DEBUG pending: deque([State(pc_initial=0 nstack_initial=0)])
Sat, 28 Mar 2026 13:27:06 byteflow.py[line:111] DEBUG stack: []
Sat, 28 Mar 2026 13:27:06 byteflow.py[line:112] DEBUG state.pc_initial: State(pc_initial=0 nstack_initial=0)
Sat, 28 Mar 2026 13:27:06 byteflow.py[line:349] DEBUG dispatch pc=0, inst=NOP(arg=None, lineno=1023)
Sat, 28 Mar 2026 13:27:06 byteflow.py[line:350] DEBUG stack []
Sat, 28 Mar 2026 13:27:06 byteflow.py[line:349] DEBUG dispatch pc=2, inst=RESUME(arg=0, lineno=1023)
Sat, 28 Mar 2026 13:27:06 byteflow.py[line:350] DEBUG stack []
Sat, 28 Mar 2026 13:27:06 byteflow.py[line:349] DEBUG dispatch pc=4, inst=LOAD_FAST(arg=0, lineno=1026)
Sat, 28 Mar 2026 13:27:06 byteflow.py[line:350] DEBUG stack []
Sat, 28 Mar 2026 13:27:06 byteflow.py[line:349] DEBUG dispatch pc=6, inst=LOAD_CONST(arg=1, lineno=1026)
Sat, 28 Mar 2026 13:27:06 byteflow.py[line:350] DEBUG stack ['$x4.0']
Sat, 28 Mar 2026 13:27:06 byteflow.py[line:349] DEBUG dispatch pc=8, inst=BINARY_SUBSCR(arg=None, lineno=1026)
Sat, 28 Mar 2026 13:27:06 byteflow.py[line:350] DEBUG stack ['$x4.0', '$const6.1.1']
Sat, 28 Mar 2026 13:27:06 byteflow.py[line:349] DEBUG dispatch pc=12, inst=LOAD_FAST(arg=0, lineno=1026)
Sat, 28 Mar 2026 13:27:06 byteflow.py[line:350] DEBUG stack ['$8binary_subscr.2']
Sat, 28 Mar 2026 13:27:06 byteflow.py[line:349] DEBUG dispatch pc=14, inst=LOAD_CONST(arg=2, lineno=1026)
Sat, 28 Mar 2026 13:27:06 byteflow.py[line:350] DEBUG stack ['$8binary_subscr.2', '$x12.3']
Sat, 28 Mar 2026 13:27:06 byteflow.py[line:349] DEBUG dispatch pc=16, inst=BINARY_SUBSCR(arg=None, lineno=1026)
Sat, 28 Mar 2026 13:27:06 byteflow.py[line:350] DEBUG stack ['$8binary_subscr.2', '$x12.3', '$const14.4.2']
Sat, 28 Mar 2026 13:27:06 byteflow.py[line:349] DEBUG dispatch pc=20, inst=COMPARE_OP(arg=68, lineno=1026)
Sat, 28 Mar 2026 13:27:06 byteflow.py[line:350] DEBUG stack ['$8binary_subscr.2', '$16binary_subscr.5']
Sat, 28 Mar 2026 13:27:06 byteflow.py[line:349] DEBUG dispatch pc=24, inst=LOAD_FAST(arg=0, lineno=1026)
Sat, 28 Mar 2026 13:27:06 byteflow.py[line:350] DEBUG stack ['$20compare_op.6']
Sat, 28 Mar 2026 13:27:06 byteflow.py[line:349] DEBUG dispatch pc=26, inst=LOAD_CONST(arg=1, lineno=1026)
Sat, 28 Mar 2026 13:27:06 byteflow.py[line:350] DEBUG stack ['$20compare_op.6', '$x24.7']
Sat, 28 Mar 2026 13:27:06 byteflow.py[line:349] DEBUG dispatch pc=28, inst=BINARY_SUBSCR(arg=None, lineno=1026)
Sat, 28 Mar 2026 13:27:06 byteflow.py[line:350] DEBUG stack ['$20compare_op.6', '$x24.7', '$const26.8.1']
Sat, 28 Mar 2026 13:27:06 byteflow.py[line:349] DEBUG dispatch pc=32, inst=LOAD_FAST(arg=0, lineno=1026)
Sat, 28 Mar 2026 13:27:06 byteflow.py[line:350] DEBUG stack ['$20compare_op.6', '$28binary_subscr.9']
Sat, 28 Mar 2026 13:27:06 byteflow.py[line:349] DEBUG dispatch pc=34, inst=LOAD_CONST(arg=3, lineno=1026)
Sat, 28 Mar 2026 13:27:06 byteflow.py[line:350] DEBUG stack ['$20compare_op.6', '$28binary_subscr.9', '$x32.10']
Sat, 28 Mar 2026 13:27:06 byteflow.py[line:349] DEBUG dispatch pc=36, inst=BINARY_SUBSCR(arg=None, lineno=1026)
Sat, 28 Mar 2026 13:27:06 byteflow.py[line:350] DEBUG stack ['$20compare_op.6', '$28binary_subscr.9', '$x32.10', '$const34.11.3']
Sat, 28 Mar 2026 13:27:06 byteflow.py[line:349] DEBUG dispatch pc=40, inst=COMPARE_OP(arg=92, lineno=1026)
Sat, 28 Mar 2026 13:27:06 byteflow.py[line:350] DEBUG stack ['$20compare_op.6', '$28binary_subscr.9', '$36binary_subscr.12']
Sat, 28 Mar 2026 13:27:06 byteflow.py[line:349] DEBUG dispatch pc=44, inst=BINARY_OP(arg=1, lineno=1026)
Sat, 28 Mar 2026 13:27:06 byteflow.py[line:350] DEBUG stack ['$20compare_op.6', '$40compare_op.13']
Sat, 28 Mar 2026 13:27:06 byteflow.py[line:349] DEBUG dispatch pc=48, inst=RETURN_VALUE(arg=None, lineno=1026)
Sat, 28 Mar 2026 13:27:06 byteflow.py[line:350] DEBUG stack ['$binop_and_44.14']
Sat, 28 Mar 2026 13:27:06 byteflow.py[line:130] DEBUG end state. edges=[]
Sat, 28 Mar 2026 13:27:06 byteflow.py[line:211] DEBUG -------------------------Prune PHIs-------------------------
Sat, 28 Mar 2026 13:27:06 byteflow.py[line:280] DEBUG Used_phis: defaultdict(<class 'set'>, {State(pc_initial=0 nstack_initial=0): set()})
Sat, 28 Mar 2026 13:27:06 byteflow.py[line:237] DEBUG defmap: {}
Sat, 28 Mar 2026 13:27:06 byteflow.py[line:238] DEBUG phismap: defaultdict(<class 'set'>, {})
Sat, 28 Mar 2026 13:27:06 byteflow.py[line:259] DEBUG changing phismap: defaultdict(<class 'set'>, {})
Sat, 28 Mar 2026 13:27:06 byteflow.py[line:268] DEBUG keep phismap: {}
Sat, 28 Mar 2026 13:27:06 byteflow.py[line:274] DEBUG new_out: defaultdict(<class 'dict'>, {})
Sat, 28 Mar 2026 13:27:06 byteflow.py[line:284] DEBUG ----------------------DONE Prune PHIs-----------------------
Sat, 28 Mar 2026 13:27:06 byteflow.py[line:142] DEBUG block_infos State(pc_initial=0 nstack_initial=0):
AdaptBlockInfo(insts=((0, {}), (2, {}), (4, {'res': '$x4.0'}), (6, {'res': '$const6.1.1'}), (8, {'index': '$const6.1.1', 'target': '$x4.0', 'res': '$8binary_subscr.2'}), (12, {'res': '$x12.3'}), (14, {'res': '$const14.4.2'}), (16, {'index': '$const14.4.2', 'target': '$x12.3', 'res': '$16binary_subscr.5'}), (20, {'lhs': '$8binary_subscr.2', 'rhs': '$16binary_subscr.5', 'res': '$20compare_op.6'}), (24, {'res': '$x24.7'}), (26, {'res': '$const26.8.1'}), (28, {'index': '$const26.8.1', 'target': '$x24.7', 'res': '$28binary_subscr.9'}), (32, {'res': '$x32.10'}), (34, {'res': '$const34.11.3'}), (36, {'index': '$const34.11.3', 'target': '$x32.10', 'res': '$36binary_subscr.12'}), (40, {'lhs': '$28binary_subscr.9', 'rhs': '$36binary_subscr.12', 'res': '$40compare_op.13'}), (44, {'op': '&', 'lhs': '$20compare_op.6', 'rhs': '$40compare_op.13', 'res': '$binop_and_44.14'}), (48, {'retval': '$binop_and_44.14', 'castval': '$48return_value.15'})), outgoing_phis={}, blockstack=(), active_try_block=None, outgoing_edgepushed={})
Sat, 28 Mar 2026 13:27:06 interpreter.py[line:1420] DEBUG label 0:
    x = arg(0, name=x)                       ['x']
    $const6.1.1 = const(int, 0)              ['$const6.1.1']
    $8binary_subscr.2 = getitem(value=x, index=$const6.1.1, fn=<built-in function getitem>) ['$8binary_subscr.2', '$const6.1.1', 'x']
    $const14.4.2 = const(int, -1)            ['$const14.4.2']
    $16binary_subscr.5 = getitem(value=x, index=$const14.4.2, fn=<built-in function getitem>) ['$16binary_subscr.5', '$const14.4.2', 'x']
    $20compare_op.6 = $8binary_subscr.2 > $16binary_subscr.5 ['$16binary_subscr.5', '$20compare_op.6', '$8binary_subscr.2']
    $const26.8.1 = const(int, 0)             ['$const26.8.1']
    $28binary_subscr.9 = getitem(value=x, index=$const26.8.1, fn=<built-in function getitem>) ['$28binary_subscr.9', '$const26.8.1', 'x']
    $const34.11.3 = const(int, 1)            ['$const34.11.3']
    $36binary_subscr.12 = getitem(value=x, index=$const34.11.3, fn=<built-in function getitem>) ['$36binary_subscr.12', '$const34.11.3', 'x']
    $40compare_op.13 = $28binary_subscr.9 >= $36binary_subscr.12 ['$28binary_subscr.9', '$36binary_subscr.12', '$40compare_op.13']
    $binop_and_44.14 = $20compare_op.6 & $40compare_op.13 ['$20compare_op.6', '$40compare_op.13', '$binop_and_44.14']
    $48return_value.15 = cast(value=$binop_and_44.14) ['$48return_value.15', '$binop_and_44.14']
    return $48return_value.15                ['$48return_value.15']

Sat, 28 Mar 2026 13:27:06 byteflow.py[line:81] DEBUG bytecode dump:
>          0	NOP(arg=None, lineno=1029)
           2	RESUME(arg=0, lineno=1029)
           4	LOAD_FAST(arg=0, lineno=1032)
           6	LOAD_CONST(arg=1, lineno=1032)
           8	BINARY_SUBSCR(arg=None, lineno=1032)
          12	LOAD_FAST(arg=0, lineno=1032)
          14	LOAD_CONST(arg=2, lineno=1032)
          16	BINARY_SUBSCR(arg=None, lineno=1032)
          20	COMPARE_OP(arg=2, lineno=1032)
          24	LOAD_FAST(arg=0, lineno=1032)
          26	LOAD_CONST(arg=1, lineno=1032)
          28	BINARY_SUBSCR(arg=None, lineno=1032)
          32	LOAD_FAST(arg=0, lineno=1032)
          34	LOAD_CONST(arg=3, lineno=1032)
          36	BINARY_SUBSCR(arg=None, lineno=1032)
          40	COMPARE_OP(arg=26, lineno=1032)
          44	BINARY_OP(arg=1, lineno=1032)
          48	RETURN_VALUE(arg=None, lineno=1032)
Sat, 28 Mar 2026 13:27:06 byteflow.py[line:108] DEBUG pending: deque([State(pc_initial=0 nstack_initial=0)])
Sat, 28 Mar 2026 13:27:06 byteflow.py[line:111] DEBUG stack: []
Sat, 28 Mar 2026 13:27:06 byteflow.py[line:112] DEBUG state.pc_initial: State(pc_initial=0 nstack_initial=0)
Sat, 28 Mar 2026 13:27:06 byteflow.py[line:349] DEBUG dispatch pc=0, inst=NOP(arg=None, lineno=1029)
Sat, 28 Mar 2026 13:27:06 byteflow.py[line:350] DEBUG stack []
Sat, 28 Mar 2026 13:27:06 byteflow.py[line:349] DEBUG dispatch pc=2, inst=RESUME(arg=0, lineno=1029)
Sat, 28 Mar 2026 13:27:06 byteflow.py[line:350] DEBUG stack []
Sat, 28 Mar 2026 13:27:06 byteflow.py[line:349] DEBUG dispatch pc=4, inst=LOAD_FAST(arg=0, lineno=1032)
Sat, 28 Mar 2026 13:27:06 byteflow.py[line:350] DEBUG stack []
Sat, 28 Mar 2026 13:27:06 byteflow.py[line:349] DEBUG dispatch pc=6, inst=LOAD_CONST(arg=1, lineno=1032)
Sat, 28 Mar 2026 13:27:06 byteflow.py[line:350] DEBUG stack ['$x4.0']
Sat, 28 Mar 2026 13:27:06 byteflow.py[line:349] DEBUG dispatch pc=8, inst=BINARY_SUBSCR(arg=None, lineno=1032)
Sat, 28 Mar 2026 13:27:06 byteflow.py[line:350] DEBUG stack ['$x4.0', '$const6.1.1']
Sat, 28 Mar 2026 13:27:06 byteflow.py[line:349] DEBUG dispatch pc=12, inst=LOAD_FAST(arg=0, lineno=1032)
Sat, 28 Mar 2026 13:27:06 byteflow.py[line:350] DEBUG stack ['$8binary_subscr.2']
Sat, 28 Mar 2026 13:27:06 byteflow.py[line:349] DEBUG dispatch pc=14, inst=LOAD_CONST(arg=2, lineno=1032)
Sat, 28 Mar 2026 13:27:06 byteflow.py[line:350] DEBUG stack ['$8binary_subscr.2', '$x12.3']
Sat, 28 Mar 2026 13:27:06 byteflow.py[line:349] DEBUG dispatch pc=16, inst=BINARY_SUBSCR(arg=None, lineno=1032)
Sat, 28 Mar 2026 13:27:06 byteflow.py[line:350] DEBUG stack ['$8binary_subscr.2', '$x12.3', '$const14.4.2']
Sat, 28 Mar 2026 13:27:06 byteflow.py[line:349] DEBUG dispatch pc=20, inst=COMPARE_OP(arg=2, lineno=1032)
Sat, 28 Mar 2026 13:27:06 byteflow.py[line:350] DEBUG stack ['$8binary_subscr.2', '$16binary_subscr.5']
Sat, 28 Mar 2026 13:27:06 byteflow.py[line:349] DEBUG dispatch pc=24, inst=LOAD_FAST(arg=0, lineno=1032)
Sat, 28 Mar 2026 13:27:06 byteflow.py[line:350] DEBUG stack ['$20compare_op.6']
Sat, 28 Mar 2026 13:27:06 byteflow.py[line:349] DEBUG dispatch pc=26, inst=LOAD_CONST(arg=1, lineno=1032)
Sat, 28 Mar 2026 13:27:06 byteflow.py[line:350] DEBUG stack ['$20compare_op.6', '$x24.7']
Sat, 28 Mar 2026 13:27:06 byteflow.py[line:349] DEBUG dispatch pc=28, inst=BINARY_SUBSCR(arg=None, lineno=1032)
Sat, 28 Mar 2026 13:27:06 byteflow.py[line:350] DEBUG stack ['$20compare_op.6', '$x24.7', '$const26.8.1']
Sat, 28 Mar 2026 13:27:06 byteflow.py[line:349] DEBUG dispatch pc=32, inst=LOAD_FAST(arg=0, lineno=1032)
Sat, 28 Mar 2026 13:27:06 byteflow.py[line:350] DEBUG stack ['$20compare_op.6', '$28binary_subscr.9']
Sat, 28 Mar 2026 13:27:06 byteflow.py[line:349] DEBUG dispatch pc=34, inst=LOAD_CONST(arg=3, lineno=1032)
Sat, 28 Mar 2026 13:27:06 byteflow.py[line:350] DEBUG stack ['$20compare_op.6', '$28binary_subscr.9', '$x32.10']
Sat, 28 Mar 2026 13:27:06 byteflow.py[line:349] DEBUG dispatch pc=36, inst=BINARY_SUBSCR(arg=None, lineno=1032)
Sat, 28 Mar 2026 13:27:06 byteflow.py[line:350] DEBUG stack ['$20compare_op.6', '$28binary_subscr.9', '$x32.10', '$const34.11.3']
Sat, 28 Mar 2026 13:27:06 byteflow.py[line:349] DEBUG dispatch pc=40, inst=COMPARE_OP(arg=26, lineno=1032)
Sat, 28 Mar 2026 13:27:06 byteflow.py[line:350] DEBUG stack ['$20compare_op.6', '$28binary_subscr.9', '$36binary_subscr.12']
Sat, 28 Mar 2026 13:27:06 byteflow.py[line:349] DEBUG dispatch pc=44, inst=BINARY_OP(arg=1, lineno=1032)
Sat, 28 Mar 2026 13:27:06 byteflow.py[line:350] DEBUG stack ['$20compare_op.6', '$40compare_op.13']
Sat, 28 Mar 2026 13:27:06 byteflow.py[line:349] DEBUG dispatch pc=48, inst=RETURN_VALUE(arg=None, lineno=1032)
Sat, 28 Mar 2026 13:27:06 byteflow.py[line:350] DEBUG stack ['$binop_and_44.14']
Sat, 28 Mar 2026 13:27:06 byteflow.py[line:130] DEBUG end state. edges=[]
Sat, 28 Mar 2026 13:27:06 byteflow.py[line:211] DEBUG -------------------------Prune PHIs-------------------------
Sat, 28 Mar 2026 13:27:06 byteflow.py[line:280] DEBUG Used_phis: defaultdict(<class 'set'>, {State(pc_initial=0 nstack_initial=0): set()})
Sat, 28 Mar 2026 13:27:06 byteflow.py[line:237] DEBUG defmap: {}
Sat, 28 Mar 2026 13:27:06 byteflow.py[line:238] DEBUG phismap: defaultdict(<class 'set'>, {})
Sat, 28 Mar 2026 13:27:06 byteflow.py[line:259] DEBUG changing phismap: defaultdict(<class 'set'>, {})
Sat, 28 Mar 2026 13:27:06 byteflow.py[line:268] DEBUG keep phismap: {}
Sat, 28 Mar 2026 13:27:06 byteflow.py[line:274] DEBUG new_out: defaultdict(<class 'dict'>, {})
Sat, 28 Mar 2026 13:27:06 byteflow.py[line:284] DEBUG ----------------------DONE Prune PHIs-----------------------
Sat, 28 Mar 2026 13:27:06 byteflow.py[line:142] DEBUG block_infos State(pc_initial=0 nstack_initial=0):
AdaptBlockInfo(insts=((0, {}), (2, {}), (4, {'res': '$x4.0'}), (6, {'res': '$const6.1.1'}), (8, {'index': '$const6.1.1', 'target': '$x4.0', 'res': '$8binary_subscr.2'}), (12, {'res': '$x12.3'}), (14, {'res': '$const14.4.2'}), (16, {'index': '$const14.4.2', 'target': '$x12.3', 'res': '$16binary_subscr.5'}), (20, {'lhs': '$8binary_subscr.2', 'rhs': '$16binary_subscr.5', 'res': '$20compare_op.6'}), (24, {'res': '$x24.7'}), (26, {'res': '$const26.8.1'}), (28, {'index': '$const26.8.1', 'target': '$x24.7', 'res': '$28binary_subscr.9'}), (32, {'res': '$x32.10'}), (34, {'res': '$const34.11.3'}), (36, {'index': '$const34.11.3', 'target': '$x32.10', 'res': '$36binary_subscr.12'}), (40, {'lhs': '$28binary_subscr.9', 'rhs': '$36binary_subscr.12', 'res': '$40compare_op.13'}), (44, {'op': '&', 'lhs': '$20compare_op.6', 'rhs': '$40compare_op.13', 'res': '$binop_and_44.14'}), (48, {'retval': '$binop_and_44.14', 'castval': '$48return_value.15'})), outgoing_phis={}, blockstack=(), active_try_block=None, outgoing_edgepushed={})
Sat, 28 Mar 2026 13:27:06 interpreter.py[line:1420] DEBUG label 0:
    x = arg(0, name=x)                       ['x']
    $const6.1.1 = const(int, 0)              ['$const6.1.1']
    $8binary_subscr.2 = getitem(value=x, index=$const6.1.1, fn=<built-in function getitem>) ['$8binary_subscr.2', '$const6.1.1', 'x']
    $const14.4.2 = const(int, -1)            ['$const14.4.2']
    $16binary_subscr.5 = getitem(value=x, index=$const14.4.2, fn=<built-in function getitem>) ['$16binary_subscr.5', '$const14.4.2', 'x']
    $20compare_op.6 = $8binary_subscr.2 < $16binary_subscr.5 ['$16binary_subscr.5', '$20compare_op.6', '$8binary_subscr.2']
    $const26.8.1 = const(int, 0)             ['$const26.8.1']
    $28binary_subscr.9 = getitem(value=x, index=$const26.8.1, fn=<built-in function getitem>) ['$28binary_subscr.9', '$const26.8.1', 'x']
    $const34.11.3 = const(int, 1)            ['$const34.11.3']
    $36binary_subscr.12 = getitem(value=x, index=$const34.11.3, fn=<built-in function getitem>) ['$36binary_subscr.12', '$const34.11.3', 'x']
    $40compare_op.13 = $28binary_subscr.9 <= $36binary_subscr.12 ['$28binary_subscr.9', '$36binary_subscr.12', '$40compare_op.13']
    $binop_and_44.14 = $20compare_op.6 & $40compare_op.13 ['$20compare_op.6', '$40compare_op.13', '$binop_and_44.14']
    $48return_value.15 = cast(value=$binop_and_44.14) ['$48return_value.15', '$binop_and_44.14']
    return $48return_value.15                ['$48return_value.15']

Sat, 28 Mar 2026 13:27:08 main.py[line:104] INFO Loading pretrained weights from ./ResNet22_mAP=0.430.pth
Sat, 28 Mar 2026 13:27:09 main.py[line:116] INFO   Skipped: spectrogram_extractor.stft.conv_real.weight (shape mismatch)
Sat, 28 Mar 2026 13:27:09 main.py[line:116] INFO   Skipped: spectrogram_extractor.stft.conv_imag.weight (shape mismatch)
Sat, 28 Mar 2026 13:27:09 main.py[line:116] INFO   Skipped: logmel_extractor.melW (shape mismatch)
Sat, 28 Mar 2026 13:27:09 main.py[line:116] INFO   Skipped: fc_audioset.weight (shape mismatch)
Sat, 28 Mar 2026 13:27:09 main.py[line:116] INFO   Skipped: fc_audioset.bias (shape mismatch)
Sat, 28 Mar 2026 13:27:09 main.py[line:120] INFO Loaded 145 / 150 pretrained layers
Sat, 28 Mar 2026 13:27:09 main.py[line:127] INFO Freezing CNN layers
Sat, 28 Mar 2026 13:27:09 main.py[line:136] INFO Trainable: 4200578 / 62878978 parameters
